Using pre-set license
Built from '2022.3/staging' branch; Version is '2022.3.4f1 (35713cd46cd7) revision 3502396'; Using compiler version '192829333'; Build Type 'Release'
OS: 'Windows 11  (10.0.22621) 64bit Core' Language: 'ru' Physical Memory: 15708 MB
BatchMode: 1, IsHumanControllingUs: 0, StartBugReporterOnCrash: 0, Is64bit: 1, IsPro: 1

COMMAND LINE ARGUMENTS:
C:\Program Files\Unity\Hub\Editor\2022.3.4f1\Editor\Unity.exe
-adb2
-batchMode
-noUpm
-name
AssetImportWorker3
-projectPath
E:/Repositories/Project/ProjectKurusu
-logFile
Logs/AssetImportWorker3.log
-srvPort
55250
Successfully changed project path to: E:/Repositories/Project/ProjectKurusu
E:/Repositories/Project/ProjectKurusu
[UnityMemory] Configuration Parameters - Can be set up in boot.config
    "memorysetup-bucket-allocator-granularity=16"
    "memorysetup-bucket-allocator-bucket-count=8"
    "memorysetup-bucket-allocator-block-size=33554432"
    "memorysetup-bucket-allocator-block-count=8"
    "memorysetup-main-allocator-block-size=16777216"
    "memorysetup-thread-allocator-block-size=16777216"
    "memorysetup-gfx-main-allocator-block-size=16777216"
    "memorysetup-gfx-thread-allocator-block-size=16777216"
    "memorysetup-cache-allocator-block-size=4194304"
    "memorysetup-typetree-allocator-block-size=2097152"
    "memorysetup-profiler-bucket-allocator-granularity=16"
    "memorysetup-profiler-bucket-allocator-bucket-count=8"
    "memorysetup-profiler-bucket-allocator-block-size=33554432"
    "memorysetup-profiler-bucket-allocator-block-count=8"
    "memorysetup-profiler-allocator-block-size=16777216"
    "memorysetup-profiler-editor-allocator-block-size=1048576"
    "memorysetup-temp-allocator-size-main=16777216"
    "memorysetup-job-temp-allocator-block-size=2097152"
    "memorysetup-job-temp-allocator-block-size-background=1048576"
    "memorysetup-job-temp-allocator-reduction-small-platforms=262144"
    "memorysetup-allocator-temp-initial-block-size-main=262144"
    "memorysetup-allocator-temp-initial-block-size-worker=262144"
    "memorysetup-temp-allocator-size-background-worker=32768"
    "memorysetup-temp-allocator-size-job-worker=262144"
    "memorysetup-temp-allocator-size-preload-manager=33554432"
    "memorysetup-temp-allocator-size-nav-mesh-worker=65536"
    "memorysetup-temp-allocator-size-audio-worker=65536"
    "memorysetup-temp-allocator-size-cloud-worker=32768"
    "memorysetup-temp-allocator-size-gi-baking-worker=262144"
    "memorysetup-temp-allocator-size-gfx=262144"
Player connection [20920] Host "[IP] 10.146.195.225 [Port] 0 [Flags] 2 [Guid] 1197378773 [EditorId] 1197378773 [Version] 1048832 [Id] WindowsEditor(7,Nonntori) [Debug] 1 [PackageName] WindowsEditor [ProjectName] Editor" joined multi-casting on [225.0.0.222:54997]...

Player connection [20920] Host "[IP] 10.146.195.225 [Port] 0 [Flags] 2 [Guid] 1197378773 [EditorId] 1197378773 [Version] 1048832 [Id] WindowsEditor(7,Nonntori) [Debug] 1 [PackageName] WindowsEditor [ProjectName] Editor" joined alternative multi-casting on [225.0.0.222:34997]...

Refreshing native plugins compatible for Editor in 4.93 ms, found 6 plugins.
Preloading 0 native plugins for Editor in 0.00 ms.
Initialize engine version: 2022.3.4f1 (35713cd46cd7)
[Subsystems] Discovering subsystems at path C:/Program Files/Unity/Hub/Editor/2022.3.4f1/Editor/Data/Resources/UnitySubsystems
[Subsystems] Discovering subsystems at path E:/Repositories/Project/ProjectKurusu/Assets
GfxDevice: creating device client; threaded=0; jobified=0
Direct3D:
    Version:  Direct3D 11.0 [level 11.1]
    Renderer: NVIDIA GeForce RTX 3060 Laptop GPU (ID=0x2520)
    Vendor:   NVIDIA
    VRAM:     6009 MB
    Driver:   31.0.15.3667
Initialize mono
Mono path[0] = 'C:/Program Files/Unity/Hub/Editor/2022.3.4f1/Editor/Data/Managed'
Mono path[1] = 'C:/Program Files/Unity/Hub/Editor/2022.3.4f1/Editor/Data/MonoBleedingEdge/lib/mono/unityjit-win32'
Mono config path = 'C:/Program Files/Unity/Hub/Editor/2022.3.4f1/Editor/Data/MonoBleedingEdge/etc'
Using monoOptions --debugger-agent=transport=dt_socket,embedding=1,server=y,suspend=n,address=127.0.0.1:56072
Begin MonoManager ReloadAssembly
Registering precompiled unity dll's ...
Register platform support module: C:/Program Files/Unity/Hub/Editor/2022.3.4f1/Editor/Data/PlaybackEngines/WebGLSupport/UnityEditor.WebGL.Extensions.dll
Register platform support module: C:/Program Files/Unity/Hub/Editor/2022.3.4f1/Editor/Data/PlaybackEngines/AndroidPlayer/UnityEditor.Android.Extensions.dll
Register platform support module: C:/Program Files/Unity/Hub/Editor/2022.3.4f1/Editor/Data/PlaybackEngines/WindowsStandaloneSupport/UnityEditor.WindowsStandalone.Extensions.dll
Registered in 0.008254 seconds.
- Loaded All Assemblies, in  0.428 seconds
Native extension for WindowsStandalone target not found
Native extension for Android target not found
Android Extension - Scanning For ADB Devices 275 ms
Native extension for WebGL target not found
Mono: successfully reloaded assembly
- Finished resetting the current domain, in  0.668 seconds
Domain Reload Profiling: 1094ms
	BeginReloadAssembly (127ms)
		ExecutionOrderSort (0ms)
		DisableScriptedObjects (0ms)
		BackupInstance (0ms)
		ReleaseScriptingObjects (0ms)
		CreateAndSetChildDomain (1ms)
	RebuildCommonClasses (43ms)
	RebuildNativeTypeToScriptingClass (9ms)
	initialDomainReloadingComplete (64ms)
	LoadAllAssembliesAndSetupDomain (183ms)
		LoadAssemblies (127ms)
		RebuildTransferFunctionScriptingTraits (0ms)
		AnalyzeDomain (176ms)
			TypeCache.Refresh (174ms)
				TypeCache.ScanAssembly (158ms)
			ScanForSourceGeneratedMonoScriptInfo (1ms)
			ResolveRequiredComponents (1ms)
	FinalizeReload (668ms)
		ReleaseScriptCaches (0ms)
		RebuildScriptCaches (0ms)
		SetupLoadedEditorAssemblies (603ms)
			LogAssemblyErrors (0ms)
			InitializePlatformSupportModulesInManaged (403ms)
			SetLoadedEditorAssemblies (5ms)
			RefreshPlugins (0ms)
			BeforeProcessingInitializeOnLoad (3ms)
			ProcessInitializeOnLoadAttributes (127ms)
			ProcessInitializeOnLoadMethodAttributes (65ms)
			AfterProcessingInitializeOnLoad (0ms)
			EditorAssembliesLoaded (0ms)
		ExecutionOrderSort2 (0ms)
		AwakeInstancesAfterBackupRestoration (0ms)
========================================================================
Worker process is ready to serve import requests
Begin MonoManager ReloadAssembly
- Loaded All Assemblies, in  0.974 seconds
Refreshing native plugins compatible for Editor in 2.17 ms, found 6 plugins.
Native extension for WindowsStandalone target not found
Native extension for Android target not found
Native extension for WebGL target not found
Mono: successfully reloaded assembly
- Finished resetting the current domain, in  0.694 seconds
Domain Reload Profiling: 1666ms
	BeginReloadAssembly (150ms)
		ExecutionOrderSort (0ms)
		DisableScriptedObjects (9ms)
		BackupInstance (0ms)
		ReleaseScriptingObjects (0ms)
		CreateAndSetChildDomain (29ms)
	RebuildCommonClasses (33ms)
	RebuildNativeTypeToScriptingClass (10ms)
	initialDomainReloadingComplete (46ms)
	LoadAllAssembliesAndSetupDomain (732ms)
		LoadAssemblies (337ms)
		RebuildTransferFunctionScriptingTraits (0ms)
		AnalyzeDomain (454ms)
			TypeCache.Refresh (427ms)
				TypeCache.ScanAssembly (409ms)
			ScanForSourceGeneratedMonoScriptInfo (23ms)
			ResolveRequiredComponents (4ms)
	FinalizeReload (694ms)
		ReleaseScriptCaches (0ms)
		RebuildScriptCaches (0ms)
		SetupLoadedEditorAssemblies (510ms)
			LogAssemblyErrors (0ms)
			InitializePlatformSupportModulesInManaged (22ms)
			SetLoadedEditorAssemblies (4ms)
			RefreshPlugins (0ms)
			BeforeProcessingInitializeOnLoad (66ms)
			ProcessInitializeOnLoadAttributes (372ms)
			ProcessInitializeOnLoadMethodAttributes (35ms)
			AfterProcessingInitializeOnLoad (11ms)
			EditorAssembliesLoaded (0ms)
		ExecutionOrderSort2 (0ms)
		AwakeInstancesAfterBackupRestoration (12ms)
Launched and connected shader compiler UnityShaderCompiler.exe after 0.05 seconds
Refreshing native plugins compatible for Editor in 4.56 ms, found 6 plugins.
Preloading 0 native plugins for Editor in 0.00 ms.
Unloading 3932 Unused Serialized files (Serialized files now loaded: 0)
Unloading 69 unused Assets / (310.5 KB). Loaded Objects now: 4382.
Memory consumption went from 160.1 MB to 159.8 MB.
Total: 6.832800 ms (FindLiveObjects: 0.627900 ms CreateObjectMapping: 0.314000 ms MarkObjects: 5.561600 ms  DeleteObjects: 0.327400 ms)

AssetImportParameters requested are different than current active one (requested -> active):
  custom:container-demuxer-ogg: 62fdf1f143b41e24485cea50d1cbac27 -> 
  custom:video-codec-MediaFoundation-h265: 746d11721c4dcdbdad8f713fa42b33f4 -> 
  custom:video-decoder-ogg-theora: a1e56fd34408186e4bbccfd4996cb3dc -> 
  custom:framework-win-MediaFoundation: 216162199b28c13a410421893ffa2e32 -> 
  custom:CustomObjectIndexerAttribute: 756ad292c208cfabdd7b50bc23989ffe -> 
  custom:container-demuxer-webm: 4f35f7cbe854078d1ac9338744f61a02 -> 
  custom:container-muxer-webm: aa71ff27fc2769a1b78a27578f13a17b -> 
  custom:video-decoder-webm-vp8: 9c59270c3fd7afecdb556c50c9e8de78 -> 
  custom:AudioImporter_EditorPlatform: d09bf68614088b80899f8185d706f6e7 -> 
  custom:video-encoder-webm-vp8: eb34c28f22e8b96e1ab97ce403110664 -> 
  custom:audio-decoder-ogg-vorbis: bf7c407c2cedff20999df2af8eb42d56 -> 
  custom:audio-encoder-webm-vorbis: bf7c407c2cedff20999df2af8eb42d56 -> 
========================================================================
Received Import Request.
  Time since last request: 96558.476973 seconds.
  path: Assets/UnityTechnologies/ParticlePack/EffectExamples/Weapon Effects/Textures/SandDecalAlbedo.tif
  artifactKey: Guid(03752e2fadc88f145aa5c8fc4f3cd0c8) Importer(815301076,1909f56bfc062723c751e8b465ee728b)
Start importing Assets/UnityTechnologies/ParticlePack/EffectExamples/Weapon Effects/Textures/SandDecalAlbedo.tif using Guid(03752e2fadc88f145aa5c8fc4f3cd0c8) Importer(815301076,1909f56bfc062723c751e8b465ee728b)  -> (artifact id: '3db1f3949057a766855c895e2f7041b1') in 0.057730 seconds
Number of updated asset objects reloaded before import = 0
Number of asset objects unloaded after import = 2
========================================================================
Received Import Request.
  Time since last request: 0.000020 seconds.
  path: Assets/UnityTechnologies/ParticlePack/EffectExamples/Smoke & Steam Effects/Textures/SmokeLoop.tif
  artifactKey: Guid(d1b932090277f37428c753cf27824d4a) Importer(815301076,1909f56bfc062723c751e8b465ee728b)
Start importing Assets/UnityTechnologies/ParticlePack/EffectExamples/Smoke & Steam Effects/Textures/SmokeLoop.tif using Guid(d1b932090277f37428c753cf27824d4a) Importer(815301076,1909f56bfc062723c751e8b465ee728b)  -> (artifact id: 'b61dca5861aae65857486a26943b5282') in 0.052321 seconds
Number of updated asset objects reloaded before import = 0
Number of asset objects unloaded after import = 2
========================================================================
Received Import Request.
  Time since last request: 0.000232 seconds.
  path: Assets/UnityTechnologies/ParticlePack/Scenes/Main/ReflectionProbe-3.exr
  artifactKey: Guid(f319d2d4df093224684b4dae47534bb6) Importer(815301076,1909f56bfc062723c751e8b465ee728b)
Start importing Assets/UnityTechnologies/ParticlePack/Scenes/Main/ReflectionProbe-3.exr using Guid(f319d2d4df093224684b4dae47534bb6) Importer(815301076,1909f56bfc062723c751e8b465ee728b)  -> (artifact id: '0c28843321f5d8ea3d5e92b46aaf6275') in 0.053047 seconds
Number of updated asset objects reloaded before import = 0
Number of asset objects unloaded after import = 1
========================================================================
Received Import Request.
  Time since last request: 0.000022 seconds.
  path: Assets/UnityTechnologies/ParticlePack/Scenes/Main/ReflectionProbe-5.exr
  artifactKey: Guid(f22b5645f939fc14eb097b1189fb2c8f) Importer(815301076,1909f56bfc062723c751e8b465ee728b)
Start importing Assets/UnityTechnologies/ParticlePack/Scenes/Main/ReflectionProbe-5.exr using Guid(f22b5645f939fc14eb097b1189fb2c8f) Importer(815301076,1909f56bfc062723c751e8b465ee728b)  -> (artifact id: 'c86cd7e63f6b2ea9a3af646de60c46bb') in 0.020981 seconds
Number of updated asset objects reloaded before import = 0
Number of asset objects unloaded after import = 1
========================================================================
Received Import Request.
  Time since last request: 0.000028 seconds.
  path: Assets/UnityTechnologies/ParticlePack/Shared/Environment/Textures/PaintLines_Albedo.tif
  artifactKey: Guid(38143a5229e9669428ed806d033bed14) Importer(815301076,1909f56bfc062723c751e8b465ee728b)
Start importing Assets/UnityTechnologies/ParticlePack/Shared/Environment/Textures/PaintLines_Albedo.tif using Guid(38143a5229e9669428ed806d033bed14) Importer(815301076,1909f56bfc062723c751e8b465ee728b)  -> (artifact id: 'd935704a1b87af2677ef63b2e555ec95') in 0.017598 seconds
Number of updated asset objects reloaded before import = 0
Number of asset objects unloaded after import = 2
========================================================================
Received Import Request.
  Time since last request: 0.000019 seconds.
  path: Assets/UnityTechnologies/ParticlePack/EffectExamples/Magic Effects/Textures/IceCurvature.tif
  artifactKey: Guid(8bd3845bbbeebd04b8a19ee995137147) Importer(815301076,1909f56bfc062723c751e8b465ee728b)
Start importing Assets/UnityTechnologies/ParticlePack/EffectExamples/Magic Effects/Textures/IceCurvature.tif using Guid(8bd3845bbbeebd04b8a19ee995137147) Importer(815301076,1909f56bfc062723c751e8b465ee728b)  -> (artifact id: '8b1c82a85484cd5ac384f98aae899eb5') in 0.018786 seconds
Number of updated asset objects reloaded before import = 0
Number of asset objects unloaded after import = 2
========================================================================
Received Import Request.
  Time since last request: 0.000089 seconds.
  path: Assets/UnityTechnologies/ParticlePack/EffectExamples/Fire & Explosion Effects/Textures/MediumFlame01.tif
  artifactKey: Guid(1b9340725602e9d40a4e86d4b9dfcb78) Importer(815301076,1909f56bfc062723c751e8b465ee728b)
Start importing Assets/UnityTechnologies/ParticlePack/EffectExamples/Fire & Explosion Effects/Textures/MediumFlame01.tif using Guid(1b9340725602e9d40a4e86d4b9dfcb78) Importer(815301076,1909f56bfc062723c751e8b465ee728b)  -> (artifact id: '2199c657dbba51418ac8b0e0f4364407') in 0.021091 seconds
Number of updated asset objects reloaded before import = 0
Number of asset objects unloaded after import = 2
========================================================================
Received Import Request.
  Time since last request: 0.000028 seconds.
  path: Assets/UnityTechnologies/ParticlePack/Scenes/Main/Lightmap-1_comp_light.exr
  artifactKey: Guid(5c2abfa81b784154abbfcfd22f2e73a1) Importer(815301076,1909f56bfc062723c751e8b465ee728b)
Start importing Assets/UnityTechnologies/ParticlePack/Scenes/Main/Lightmap-1_comp_light.exr using Guid(5c2abfa81b784154abbfcfd22f2e73a1) Importer(815301076,1909f56bfc062723c751e8b465ee728b)  -> (artifact id: '5700b368bd65d81b584eafa09be469b2') in 0.024294 seconds
Number of updated asset objects reloaded before import = 0
Number of asset objects unloaded after import = 2
========================================================================
Received Import Request.
  Time since last request: 0.000016 seconds.
  path: Assets/UnityTechnologies/ParticlePack/EffectExamples/Fire & Explosion Effects/Textures/LightningTrail.tif
  artifactKey: Guid(06e4a78c75e10c145a9156e32089ec9c) Importer(815301076,1909f56bfc062723c751e8b465ee728b)
Start importing Assets/UnityTechnologies/ParticlePack/EffectExamples/Fire & Explosion Effects/Textures/LightningTrail.tif using Guid(06e4a78c75e10c145a9156e32089ec9c) Importer(815301076,1909f56bfc062723c751e8b465ee728b)  -> (artifact id: '71beee0a464584df2be4e51e2afebb5d') in 0.013841 seconds
Number of updated asset objects reloaded before import = 0
Number of asset objects unloaded after import = 2
========================================================================
Received Import Request.
  Time since last request: 0.000019 seconds.
  path: Assets/UnityTechnologies/ParticlePack/EffectExamples/Misc Effects/Textures/Ramp01.png
  artifactKey: Guid(c07de05b9bda8f6409252857c36d7ed0) Importer(815301076,1909f56bfc062723c751e8b465ee728b)
Start importing Assets/UnityTechnologies/ParticlePack/EffectExamples/Misc Effects/Textures/Ramp01.png using Guid(c07de05b9bda8f6409252857c36d7ed0) Importer(815301076,1909f56bfc062723c751e8b465ee728b)  -> (artifact id: '7f035badfd4473ee279496322b0833ff') in 0.005783 seconds
Number of updated asset objects reloaded before import = 0
Number of asset objects unloaded after import = 2
========================================================================
Received Import Request.
  Time since last request: 0.000021 seconds.
  path: Assets/UnityTechnologies/ParticlePack/Scenes/Main/ReflectionProbe-0.exr
  artifactKey: Guid(14d99eba68deb5c419739be53229234f) Importer(815301076,1909f56bfc062723c751e8b465ee728b)
Start importing Assets/UnityTechnologies/ParticlePack/Scenes/Main/ReflectionProbe-0.exr using Guid(14d99eba68deb5c419739be53229234f) Importer(815301076,1909f56bfc062723c751e8b465ee728b)  -> (artifact id: '214a1258158f182cdaa35f444a27c5d0') in 0.020573 seconds
Number of updated asset objects reloaded before import = 0
Number of asset objects unloaded after import = 1
========================================================================
Received Import Request.
  Time since last request: 0.000018 seconds.
  path: Assets/UnityTechnologies/ParticlePack/EffectExamples/Water Effects/Textures/RippleNormal.tif
  artifactKey: Guid(b31676a3103837945920ebc3cff4e14e) Importer(815301076,1909f56bfc062723c751e8b465ee728b)
Start importing Assets/UnityTechnologies/ParticlePack/EffectExamples/Water Effects/Textures/RippleNormal.tif using Guid(b31676a3103837945920ebc3cff4e14e) Importer(815301076,1909f56bfc062723c751e8b465ee728b)  -> (artifact id: '406458b90ff74278107d12870391ff95') in 0.020066 seconds
Number of updated asset objects reloaded before import = 0
Number of asset objects unloaded after import = 2
========================================================================
Received Import Request.
  Time since last request: 0.000022 seconds.
  path: Assets/UnityTechnologies/ParticlePack/Scenes/Main/ReflectionProbe-2.exr
  artifactKey: Guid(5c1be5c0a92e945418a09e0b4b56cd15) Importer(815301076,1909f56bfc062723c751e8b465ee728b)
Start importing Assets/UnityTechnologies/ParticlePack/Scenes/Main/ReflectionProbe-2.exr using Guid(5c1be5c0a92e945418a09e0b4b56cd15) Importer(815301076,1909f56bfc062723c751e8b465ee728b)  -> (artifact id: '82f4967cd6e7d65fd7f285e18cdf8184') in 0.019360 seconds
Number of updated asset objects reloaded before import = 0
Number of asset objects unloaded after import = 1
========================================================================
Received Import Request.
  Time since last request: 0.000018 seconds.
  path: Assets/UnityTechnologies/ParticlePack/EffectExamples/Magic Effects/Textures/IceNormals.tif
  artifactKey: Guid(78e71b9e097c52e4cba00d81ed4dbe74) Importer(815301076,1909f56bfc062723c751e8b465ee728b)
Start importing Assets/UnityTechnologies/ParticlePack/EffectExamples/Magic Effects/Textures/IceNormals.tif using Guid(78e71b9e097c52e4cba00d81ed4dbe74) Importer(815301076,1909f56bfc062723c751e8b465ee728b)  -> (artifact id: 'ad272d5cff92a43ddcb4da8ba6b22609') in 0.017795 seconds
Number of updated asset objects reloaded before import = 0
Number of asset objects unloaded after import = 2
========================================================================
Received Import Request.
  Time since last request: 0.000034 seconds.
  path: Assets/UnityTechnologies/ParticlePack/TutorialInfo/Icons/ReadmeLogo.png
  artifactKey: Guid(cfa6d60f1f958ba46a105ca98716c259) Importer(815301076,1909f56bfc062723c751e8b465ee728b)
Start importing Assets/UnityTechnologies/ParticlePack/TutorialInfo/Icons/ReadmeLogo.png using Guid(cfa6d60f1f958ba46a105ca98716c259) Importer(815301076,1909f56bfc062723c751e8b465ee728b)  -> (artifact id: '5513dd22ddc974cf43bc17def934c2c2') in 0.016632 seconds
Number of updated asset objects reloaded before import = 0
Number of asset objects unloaded after import = 2
========================================================================
Received Import Request.
  Time since last request: 0.104002 seconds.
  path: Assets/UnityTechnologies/ParticlePack/EffectExamples/Goop Effects/Textures/GoopDropAlbedo.tif
  artifactKey: Guid(fd9fde9ce6505d546952963a514b1909) Importer(815301076,1909f56bfc062723c751e8b465ee728b)
Start importing Assets/UnityTechnologies/ParticlePack/EffectExamples/Goop Effects/Textures/GoopDropAlbedo.tif using Guid(fd9fde9ce6505d546952963a514b1909) Importer(815301076,1909f56bfc062723c751e8b465ee728b)  -> (artifact id: '54307d64128a6adfd77bdc9f35f31657') in 0.015981 seconds
Number of updated asset objects reloaded before import = 0
Number of asset objects unloaded after import = 2
========================================================================
Received Import Request.
  Time since last request: 0.000017 seconds.
  path: Assets/UnityTechnologies/ParticlePack/EffectExamples/Weapon Effects/Textures/GoopStreakNormal.tif
  artifactKey: Guid(4b403858fefaded4bb58c22aa41b8769) Importer(815301076,1909f56bfc062723c751e8b465ee728b)
Start importing Assets/UnityTechnologies/ParticlePack/EffectExamples/Weapon Effects/Textures/GoopStreakNormal.tif using Guid(4b403858fefaded4bb58c22aa41b8769) Importer(815301076,1909f56bfc062723c751e8b465ee728b)  -> (artifact id: '73e41d084bf9f4f8d473e8b08e7d8ff3') in 0.016864 seconds
Number of updated asset objects reloaded before import = 0
Number of asset objects unloaded after import = 2
========================================================================
Received Import Request.
  Time since last request: 0.000018 seconds.
  path: Assets/UnityTechnologies/ParticlePack/EffectExamples/Goop Effects/Textures/GoopPoolNormals.tif
  artifactKey: Guid(969a5ea5264ae2e4cb261f0dfbdb7877) Importer(815301076,1909f56bfc062723c751e8b465ee728b)
Start importing Assets/UnityTechnologies/ParticlePack/EffectExamples/Goop Effects/Textures/GoopPoolNormals.tif using Guid(969a5ea5264ae2e4cb261f0dfbdb7877) Importer(815301076,1909f56bfc062723c751e8b465ee728b)  -> (artifact id: '9db476e605ea745d3bf204015be1ac75') in 0.015900 seconds
Number of updated asset objects reloaded before import = 0
Number of asset objects unloaded after import = 2
========================================================================
Received Import Request.
  Time since last request: 0.006527 seconds.
  path: Assets/UnityTechnologies/ParticlePack/EffectExamples/Fire & Explosion Effects/Textures/Debris.png
  artifactKey: Guid(af1f1b45fa6b5e64894c04ceb8a592f7) Importer(815301076,1909f56bfc062723c751e8b465ee728b)
Start importing Assets/UnityTechnologies/ParticlePack/EffectExamples/Fire & Explosion Effects/Textures/Debris.png using Guid(af1f1b45fa6b5e64894c04ceb8a592f7) Importer(815301076,1909f56bfc062723c751e8b465ee728b)  -> (artifact id: 'b60687d69271e63f8e65ff63a0f9af40') in 0.032700 seconds
Number of updated asset objects reloaded before import = 0
Number of asset objects unloaded after import = 3
========================================================================
Received Import Request.
  Time since last request: 0.000024 seconds.
  path: Assets/Kenny Assets/kenney_blaster-kit/Previews/foamBulletA.png
  artifactKey: Guid(83eaee5918190224e980d6cbb3426ef1) Importer(815301076,1909f56bfc062723c751e8b465ee728b)
Start importing Assets/Kenny Assets/kenney_blaster-kit/Previews/foamBulletA.png using Guid(83eaee5918190224e980d6cbb3426ef1) Importer(815301076,1909f56bfc062723c751e8b465ee728b)  -> (artifact id: '094ada37572dd137d9e8aeecf91346c6') in 0.018552 seconds
Number of updated asset objects reloaded before import = 0
Number of asset objects unloaded after import = 2
========================================================================
Received Import Request.
  Time since last request: 0.000028 seconds.
  path: Assets/UnityTechnologies/ParticlePack/EffectExamples/Magic Effects/Textures/EarthCrackAlbedo.tif
  artifactKey: Guid(8127d72dd65a1454082d10767b2fcad4) Importer(815301076,1909f56bfc062723c751e8b465ee728b)
Start importing Assets/UnityTechnologies/ParticlePack/EffectExamples/Magic Effects/Textures/EarthCrackAlbedo.tif using Guid(8127d72dd65a1454082d10767b2fcad4) Importer(815301076,1909f56bfc062723c751e8b465ee728b)  -> (artifact id: '37271d3891c0d6b4c2912e2e70ff9a5a') in 0.016598 seconds
Number of updated asset objects reloaded before import = 0
Number of asset objects unloaded after import = 2
========================================================================
Received Import Request.
  Time since last request: 0.000026 seconds.
  path: Assets/Kenny Assets/kenney_blaster-kit/Previews/blasterR.png
  artifactKey: Guid(e6b8136998eaa8e4aaf60007f3dff89a) Importer(815301076,1909f56bfc062723c751e8b465ee728b)
Start importing Assets/Kenny Assets/kenney_blaster-kit/Previews/blasterR.png using Guid(e6b8136998eaa8e4aaf60007f3dff89a) Importer(815301076,1909f56bfc062723c751e8b465ee728b)  -> (artifact id: '93c5b02f90224bcd32937acd81258667') in 0.016890 seconds
Number of updated asset objects reloaded before import = 0
Number of asset objects unloaded after import = 2
========================================================================
Received Import Request.
  Time since last request: 0.000016 seconds.
  path: Assets/UnityTechnologies/ParticlePack/EffectExamples/Misc Effects/Textures/FireFlyEmission.tif
  artifactKey: Guid(f16b4e9769a932a4ba18f3ae2964e3e9) Importer(815301076,1909f56bfc062723c751e8b465ee728b)
Start importing Assets/UnityTechnologies/ParticlePack/EffectExamples/Misc Effects/Textures/FireFlyEmission.tif using Guid(f16b4e9769a932a4ba18f3ae2964e3e9) Importer(815301076,1909f56bfc062723c751e8b465ee728b)  -> (artifact id: '2a70486977252287a0891637d4248f89') in 0.015168 seconds
Number of updated asset objects reloaded before import = 0
Number of asset objects unloaded after import = 2
========================================================================
Received Import Request.
  Time since last request: 0.000017 seconds.
  path: Assets/UnityTechnologies/ParticlePack/EffectExamples/Weapon Effects/Textures/BulletHoleRockNormal.tif
  artifactKey: Guid(b7b496609dfcf7d4089ca1e508b14f22) Importer(815301076,1909f56bfc062723c751e8b465ee728b)
Start importing Assets/UnityTechnologies/ParticlePack/EffectExamples/Weapon Effects/Textures/BulletHoleRockNormal.tif using Guid(b7b496609dfcf7d4089ca1e508b14f22) Importer(815301076,1909f56bfc062723c751e8b465ee728b)  -> (artifact id: '3d071db5a9e2c85148fa04b2e97def37') in 0.016744 seconds
Number of updated asset objects reloaded before import = 0
Number of asset objects unloaded after import = 2
========================================================================
Received Import Request.
  Time since last request: 0.000023 seconds.
  path: Assets/UnityTechnologies/ParticlePack/EffectExamples/Fire & Explosion Effects/Textures/EnergyEffect.tif
  artifactKey: Guid(5dd198d85c911d44f8a3f9f9d6b00be4) Importer(815301076,1909f56bfc062723c751e8b465ee728b)
Start importing Assets/UnityTechnologies/ParticlePack/EffectExamples/Fire & Explosion Effects/Textures/EnergyEffect.tif using Guid(5dd198d85c911d44f8a3f9f9d6b00be4) Importer(815301076,1909f56bfc062723c751e8b465ee728b)  -> (artifact id: '046bd984e46f96890a412fae9f4cf7a9') in 0.020252 seconds
Number of updated asset objects reloaded before import = 0
Number of asset objects unloaded after import = 2
========================================================================
Received Import Request.
  Time since last request: 0.000017 seconds.
  path: Assets/UnityTechnologies/ParticlePack/EffectExamples/Fire & Explosion Effects/Textures/FireBallEmission.tif
  artifactKey: Guid(d9d8e2fe51aaf4a40b6a5581589afa98) Importer(815301076,1909f56bfc062723c751e8b465ee728b)
Start importing Assets/UnityTechnologies/ParticlePack/EffectExamples/Fire & Explosion Effects/Textures/FireBallEmission.tif using Guid(d9d8e2fe51aaf4a40b6a5581589afa98) Importer(815301076,1909f56bfc062723c751e8b465ee728b)  -> (artifact id: 'c9c5caa579e40e0ed227ceddd2eac25f') in 0.019540 seconds
Number of updated asset objects reloaded before import = 0
Number of asset objects unloaded after import = 2
========================================================================
Received Import Request.
  Time since last request: 0.000022 seconds.
  path: Assets/UnityTechnologies/ParticlePack/EffectExamples/Fire & Explosion Effects/Textures/ExplosionEmission.tif
  artifactKey: Guid(05db667749fd79541b026bff39d94a66) Importer(815301076,1909f56bfc062723c751e8b465ee728b)
Start importing Assets/UnityTechnologies/ParticlePack/EffectExamples/Fire & Explosion Effects/Textures/ExplosionEmission.tif using Guid(05db667749fd79541b026bff39d94a66) Importer(815301076,1909f56bfc062723c751e8b465ee728b)  -> (artifact id: '3ed00eb3aee37a80f49a2310c432d8bd') in 0.017790 seconds
Number of updated asset objects reloaded before import = 0
Number of asset objects unloaded after import = 2
========================================================================
Received Import Request.
  Time since last request: 0.000018 seconds.
  path: Assets/UnityTechnologies/ParticlePack/EffectExamples/Weapon Effects/Textures/DustPuffSmallParticleSheet.png
  artifactKey: Guid(32dde075fa5f86d458327a2ac0c4593b) Importer(815301076,1909f56bfc062723c751e8b465ee728b)
Start importing Assets/UnityTechnologies/ParticlePack/EffectExamples/Weapon Effects/Textures/DustPuffSmallParticleSheet.png using Guid(32dde075fa5f86d458327a2ac0c4593b) Importer(815301076,1909f56bfc062723c751e8b465ee728b)  -> (artifact id: '6b12d9ae5281ee1a76352f540a2d8090') in 0.026826 seconds
Number of updated asset objects reloaded before import = 0
Number of asset objects unloaded after import = 6
========================================================================
Received Import Request.
  Time since last request: 0.000016 seconds.
  path: Assets/UnityTechnologies/ParticlePack/EffectExamples/Smoke & Steam Effects/Textures/Flame01.tif
  artifactKey: Guid(e2580e97efd2aa34580ef00fbec9a2d4) Importer(815301076,1909f56bfc062723c751e8b465ee728b)
Start importing Assets/UnityTechnologies/ParticlePack/EffectExamples/Smoke & Steam Effects/Textures/Flame01.tif using Guid(e2580e97efd2aa34580ef00fbec9a2d4) Importer(815301076,1909f56bfc062723c751e8b465ee728b)  -> (artifact id: '9da630df9d867c50e9955cf25adc120e') in 0.020497 seconds
Number of updated asset objects reloaded before import = 0
Number of asset objects unloaded after import = 2
========================================================================
Received Import Request.
  Time since last request: 0.082664 seconds.
  path: Assets/Kenny Assets/kenney_blaster-kit/Previews/blasterD.png
  artifactKey: Guid(3ae31365ac3a56f4f97e85041b87d671) Importer(815301076,1909f56bfc062723c751e8b465ee728b)
Start importing Assets/Kenny Assets/kenney_blaster-kit/Previews/blasterD.png using Guid(3ae31365ac3a56f4f97e85041b87d671) Importer(815301076,1909f56bfc062723c751e8b465ee728b)  -> (artifact id: 'cb6a0c9a76985c5a71e619f2e04719ca') in 0.011566 seconds
Number of updated asset objects reloaded before import = 0
Number of asset objects unloaded after import = 2
========================================================================
Received Import Request.
  Time since last request: 0.000019 seconds.
  path: Assets/Kenny Assets/kenney_blaster-kit/Previews/blasterF.png
  artifactKey: Guid(fec420832313ad94fa0abf853e702e7e) Importer(815301076,1909f56bfc062723c751e8b465ee728b)
Start importing Assets/Kenny Assets/kenney_blaster-kit/Previews/blasterF.png using Guid(fec420832313ad94fa0abf853e702e7e) Importer(815301076,1909f56bfc062723c751e8b465ee728b)  -> (artifact id: '6c0e32724e70f61c6526ee554cac847f') in 0.016137 seconds
Number of updated asset objects reloaded before import = 0
Number of asset objects unloaded after import = 2
========================================================================
Received Import Request.
  Time since last request: 0.000015 seconds.
  path: Assets/Kenny Assets/kenney_blaster-kit/Previews/blasterE.png
  artifactKey: Guid(7c7113347c3e62c44ae65b4a41c68b7c) Importer(815301076,1909f56bfc062723c751e8b465ee728b)
Start importing Assets/Kenny Assets/kenney_blaster-kit/Previews/blasterE.png using Guid(7c7113347c3e62c44ae65b4a41c68b7c) Importer(815301076,1909f56bfc062723c751e8b465ee728b)  -> (artifact id: '415a2c135c28fa18034a51b171ee508f') in 0.013701 seconds
Number of updated asset objects reloaded before import = 0
Number of asset objects unloaded after import = 2
========================================================================
Received Import Request.
  Time since last request: 0.000018 seconds.
  path: Assets/Kenny Assets/kenney_blaster-kit/Previews/blasterK.png
  artifactKey: Guid(c6e692b972d013746ba26ca46aff5aa4) Importer(815301076,1909f56bfc062723c751e8b465ee728b)
Start importing Assets/Kenny Assets/kenney_blaster-kit/Previews/blasterK.png using Guid(c6e692b972d013746ba26ca46aff5aa4) Importer(815301076,1909f56bfc062723c751e8b465ee728b)  -> (artifact id: '057214d9883d02174ff3f3fdb5076aeb') in 0.014327 seconds
Number of updated asset objects reloaded before import = 0
Number of asset objects unloaded after import = 2
========================================================================
Received Import Request.
  Time since last request: 59.330610 seconds.
  path: Assets/Kenny Assets/kenney_blaster-kit/Models/OBJ format/blasterD.obj
  artifactKey: Guid(08a62c965c18fbd4f9c3d86a0e3b9ccf) Importer(815301076,1909f56bfc062723c751e8b465ee728b)
Start importing Assets/Kenny Assets/kenney_blaster-kit/Models/OBJ format/blasterD.obj using Guid(08a62c965c18fbd4f9c3d86a0e3b9ccf) Importer(815301076,1909f56bfc062723c751e8b465ee728b)  -> (artifact id: 'e6a6d0c3fabd9b515b44bbc490132208') in 0.103978 seconds
Number of updated asset objects reloaded before import = 0
Number of asset objects unloaded after import = 14
========================================================================
Received Import Request.
  Time since last request: 0.000027 seconds.
  path: Assets/Kenny Assets/kenney_blaster-kit/Models/OBJ format/blasterI.obj
  artifactKey: Guid(fc8e81175b4719d4ea377c1e0c61a5a7) Importer(815301076,1909f56bfc062723c751e8b465ee728b)
Start importing Assets/Kenny Assets/kenney_blaster-kit/Models/OBJ format/blasterI.obj using Guid(fc8e81175b4719d4ea377c1e0c61a5a7) Importer(815301076,1909f56bfc062723c751e8b465ee728b)  -> (artifact id: 'ee3c1cffac7ee01af0b6916d90718cdc') in 0.077474 seconds
Number of updated asset objects reloaded before import = 0
Number of asset objects unloaded after import = 14
Editor requested this worker to shutdown with reason: Scaling down because of idle timeout
TcpMessagingSession - receive error: operation aborted. errorcode: 995, details: ќпераци€ ввода/вывода была прервана из-за завершени€ потока команд или по запросу приложени€.
AssetImportWorker is now disconnected from the server
Process exiting
Exiting without the bug reporter. Application will terminate with return code 0